Content-Type: multipart/alternative;
 boundary="===============0045114905606891111=="
MIME-Version: 1.0
Subject: Profile activation
From: test@example.com
To: abshinde104@gmail.com
Date: Tue, 09 Feb 2021 15:32:22 -0000
Message-ID: <161288474288.6168.9692184795261154661@LAPTOP-3KIV1NDB>

--===============0045114905606891111==
Content-Type: text/plain; charset="utf-8"
MIME-Version: 1.0
Content-Transfer-Encoding: 7bit



To activate your profile, please follow this link:

http://127.0.0.1:8000/accounts/activate/X4i5lJ19NKfNZVBeY4p5/

--===============0045114905606891111==
Content-Type: text/html; charset="utf-8"
MIME-Version: 1.0
Content-Transfer-Encoding: 7bit



<!DOCTYPE html PUBLIC "-//W3C//DTD XHTML 1.0 Transitional//EN"
        "http://www.w3.org/TR/xhtml1/DTD/xhtml1-transitional.dtd">
<html xmlns="http://www.w3.org/1999/xhtml">
<head>
    <meta http-equiv="Content-Type" content="text/html; charset=UTF-8"/>
    <title>Profile activation</title>
    <meta name="viewport" content="width=device-width, initial-scale=1.0"/>
</head>

<body>

<p>
    To activate your profile, please follow this link:
</p>

<p>
    <a href="http://127.0.0.1:8000/accounts/activate/X4i5lJ19NKfNZVBeY4p5/">http://127.0.0.1:8000/accounts/activate/X4i5lJ19NKfNZVBeY4p5/</a>
</p>

</body>

</html>

--===============0045114905606891111==--

-------------------------------------------------------------------------------
